<?xml version="1.0" encoding="UTF-8"?>
<!-- Generated by org.testng.reporters.JUnitXMLReporter -->
<testsuite hostname="USER-Bilgisayar" ignored="0" name="BookStore Api Testing" tests="2" failures="1" timestamp="10 Mar 2019 11:05:20 GMT" time="2.402" errors="0">
  <testcase name="emptyStore" time="0.202" classname="suites.bookstore.ApiTest"/>
  <testcase name="requiredFieldTitle" time="0.423" classname="suites.bookstore.ApiTest">
    <failure type="java.lang.AssertionError" message="Error message is not correct expected [true] but found [false]">
      <![CDATA[java.lang.AssertionError: Error message is not correct expected [true] but found [false]
at suites.bookstore.ApiTest.requiredFieldTitle(ApiTest.java:66)
... Removed 31 stack frames]]>
    </failure>
  </testcase> <!-- requiredFieldTitle -->
</testsuite> <!-- BookStore Api Testing -->
